{"v":1,"type":"init","net":"arr","values":[64,34,25,12,22,11,90]}
{"v":1,"type":"pin","net":"arr","name":"i","pos":0}
{"v":1,"type":"pin","net":"arr","name":"j","pos":0}
{"v":1,"type":"signal","net":"arr","name":"compare","positions":[0,1]}
{"v":1,"type":"compare","net":"arr","i":0,"j":1}
{"v":1,"type":"swap","net":"arr","i":0,"j":1}
{"v":1,"type":"pin","net":"arr","name":"j","pos":1}
{"v":1,"type":"signal","net":"arr","name":"compare","positions":[1,2]}
{"v":1,"type":"compare","net":"arr","i":1,"j":2}
{"v":1,"type":"swap","net":"arr","i":1,"j":2}
{"v":1,"type":"pin","net":"arr","name":"j","pos":2}
{"v":1,"type":"signal","net":"arr","name":"compare","positions":[2,3]}
{"v":1,"type":"compare","net":"arr","i":2,"j":3}
{"v":1,"type":"swap","net":"arr","i":2,"j":3}
{"v":1,"type":"pin","net":"arr","name":"j","pos":3}
{"v":1,"type":"signal","net":"arr","name":"compare","positions":[3,4]}
{"v":1,"type":"compare","net":"arr","i":3,"j":4}
{"v":1,"type":"swap","net":"arr","i":3,"j":4}
{"v":1,"type":"pin","net":"arr","name":"j","pos":4}
{"v":1,"type":"signal","net":"arr","name":"compare","positions":[4,5]}
{"v":1,"type":"compare","net":"arr","i":4,"j":5}
{"v":1,"type":"swap","net":"arr","i":4,"j":5}
{"v":1,"type":"pin","net":"arr","name":"j","pos":5}
{"v":1,"type":"signal","net":"arr","name":"compare","positions":[5,6]}
{"v":1,"type":"compare","net":"arr","i":5,"j":6}
{"v":1,"type":"pin","net":"arr","name":"i","pos":1}
{"v":1,"type":"pin","net":"arr","name":"j","pos":0}
{"v":1,"type":"signal","net":"arr","name":"compare","positions":[0,1]}
{"v":1,"type":"compare","net":"arr","i":0,"j":1}
{"v":1,"type":"pin","net":"arr","name":"j","pos":1}
{"v":1,"type":"signal","net":"arr","name":"compare","positions":[1,2]}
{"v":1,"type":"compare","net":"arr","i":1,"j":2}
{"v":1,"type":"pin","net":"arr","name":"j","pos":2}
{"v":1,"type":"signal","net":"arr","name":"compare","positions":[2,3]}
{"v":1,"type":"compare","net":"arr","i":2,"j":3}
{"v":1,"type":"swap","net":"arr","i":2,"j":3}
{"v":1,"type":"pin","net":"arr","name":"j","pos":3}
{"v":1,"type":"signal","net":"arr","name":"compare","positions":[3,4]}
{"v":1,"type":"compare","net":"arr","i":3,"j":4}
{"v":1,"type":"swap","net":"arr","i":3,"j":4}
{"v":1,"type":"pin","net":"arr","name":"j","pos":4}
{"v":1,"type":"signal","net":"arr","name":"compare","positions":[4,5]}
{"v":1,"type":"compare","net":"arr","i":4,"j":5}
{"v":1,"type":"done","net":"arr"}
