{"v":1,"type":"init","net":"arr","values":[29,10,14,37,13]}
{"v":1,"type":"pin","net":"arr","name":"i","pos":0}
{"v":1,"type":"pin","net":"arr","name":"min","pos":0}
{"v":1,"type":"compare","net":"arr","i":0,"j":1}
{"v":1,"type":"pin","net":"arr","name":"min","pos":1}
{"v":1,"type":"compare","net":"arr","i":1,"j":2}
{"v":1,"type":"compare","net":"arr","i":1,"j":3}
{"v":1,"type":"compare","net":"arr","i":1,"j":4}
{"v":1,"type":"swap","net":"arr","i":0,"j":1}
{"v":1,"type":"pin","net":"arr","name":"i","pos":1}
{"v":1,"type":"pin","net":"arr","name":"min","pos":1}
{"v":1,"type":"compare","net":"arr","i":1,"j":2}
{"v":1,"type":"pin","net":"arr","name":"min","pos":2}
{"v":1,"type":"compare","net":"arr","i":2,"j":3}
{"v":1,"type":"compare","net":"arr","i":2,"j":4}
{"v":1,"type":"pin","net":"arr","name":"min","pos":4}
{"v":1,"type":"swap","net":"arr","i":1,"j":4}
{"v":1,"type":"pin","net":"arr","name":"i","pos":2}
{"v":1,"type":"pin","net":"arr","name":"min","pos":2}
{"v":1,"type":"compare","net":"arr","i":2,"j":3}
{"v":1,"type":"compare","net":"arr","i":2,"j":4}
{"v":1,"type":"pin","net":"arr","name":"i","pos":3}
{"v":1,"type":"pin","net":"arr","name":"min","pos":3}
{"v":1,"type":"compare","net":"arr","i":3,"j":4}
{"v":1,"type":"pin","net":"arr","name":"min","pos":4}
{"v":1,"type":"swap","net":"arr","i":3,"j":4}
{"v":1,"type":"done","net":"arr"}
