{"v":1,"type":"init","net":"arr","values":[5,2,4,6,1,3]}
{"v":1,"type":"pin","net":"arr","name":"i","pos":1}
{"v":1,"type":"compare","net":"arr","i":1,"j":0}
{"v":1,"type":"swap","net":"arr","i":1,"j":0}
{"v":1,"type":"pin","net":"arr","name":"i","pos":2}
{"v":1,"type":"compare","net":"arr","i":2,"j":1}
{"v":1,"type":"swap","net":"arr","i":2,"j":1}
{"v":1,"type":"compare","net":"arr","i":1,"j":0}
{"v":1,"type":"pin","net":"arr","name":"i","pos":3}
{"v":1,"type":"compare","net":"arr","i":3,"j":2}
{"v":1,"type":"pin","net":"arr","name":"i","pos":4}
{"v":1,"type":"compare","net":"arr","i":4,"j":3}
{"v":1,"type":"swap","net":"arr","i":4,"j":3}
{"v":1,"type":"compare","net":"arr","i":3,"j":2}
{"v":1,"type":"swap","net":"arr","i":3,"j":2}
{"v":1,"type":"compare","net":"arr","i":2,"j":1}
{"v":1,"type":"swap","net":"arr","i":2,"j":1}
{"v":1,"type":"compare","net":"arr","i":1,"j":0}
{"v":1,"type":"swap","net":"arr","i":1,"j":0}
{"v":1,"type":"pin","net":"arr","name":"i","pos":5}
{"v":1,"type":"compare","net":"arr","i":5,"j":4}
{"v":1,"type":"swap","net":"arr","i":5,"j":4}
{"v":1,"type":"compare","net":"arr","i":4,"j":3}
{"v":1,"type":"swap","net":"arr","i":4,"j":3}
{"v":1,"type":"compare","net":"arr","i":3,"j":2}
{"v":1,"type":"swap","net":"arr","i":3,"j":2}
{"v":1,"type":"compare","net":"arr","i":2,"j":1}
{"v":1,"type":"done","net":"arr"}
